<?xml version="1.0" encoding="UTF-8"?>
<testng-results ignored="0" total="1" passed="1" failed="0" skipped="0">
  <reporter-output>
  </reporter-output>
  <suite started-at="2024-02-29T16:15:42 IST" name="Suite" finished-at="2024-02-29T16:15:56 IST" duration-ms="13217">
    <groups>
    </groups>
    <test started-at="2024-02-29T16:15:42 IST" name="Test" finished-at="2024-02-29T16:15:56 IST" duration-ms="13217">
      <class name="TestNG.OrangeHRM.login">
        <test-method signature="login()[pri:0, instance:TestNG.OrangeHRM.login@74455848]" started-at="2024-02-29T16:15:42 IST" name="login" finished-at="2024-02-29T16:15:56 IST" duration-ms="13177" status="PASS">
          <reporter-output>
          </reporter-output>
        </test-method> <!-- login -->
      </class> <!-- TestNG.OrangeHRM.login -->
    </test> <!-- Test -->
  </suite> <!-- Suite -->
</testng-results>
