<?xml version="1.0" encoding="UTF-8"?>
<testng-results ignored="0" total="1" passed="1" failed="0" skipped="0">
  <reporter-output>
  </reporter-output>
  <suite started-at="2024-03-01T10:25:34 IST" name="Default suite" finished-at="2024-03-01T10:25:42 IST" duration-ms="7894">
    <groups>
    </groups>
    <test started-at="2024-03-01T10:25:34 IST" name="Default test" finished-at="2024-03-01T10:25:42 IST" duration-ms="7894">
      <class name="TestNG.OrangeHRM.login">
        <test-method signature="login()[pri:0, instance:TestNG.OrangeHRM.login@67f639d3]" started-at="2024-03-01T10:25:35 IST" name="login" finished-at="2024-03-01T10:25:42 IST" duration-ms="7852" status="PASS">
          <reporter-output>
          </reporter-output>
        </test-method> <!-- login -->
      </class> <!-- TestNG.OrangeHRM.login -->
    </test> <!-- Default test -->
  </suite> <!-- Default suite -->
</testng-results>
