<?xml version="1.0" encoding="UTF-8"?>
<testng-results ignored="0" total="1" passed="1" failed="0" skipped="0">
  <reporter-output>
  </reporter-output>
  <suite started-at="2024-02-29T17:16:15 IST" name="Default suite" finished-at="2024-02-29T17:16:40 IST" duration-ms="24388">
    <groups>
    </groups>
    <test started-at="2024-02-29T17:16:15 IST" name="Default test" finished-at="2024-02-29T17:16:40 IST" duration-ms="24388">
      <class name="TestNG.OrangeHRM.JobDetails">
        <test-method signature="login()[pri:0, instance:TestNG.OrangeHRM.JobDetails@6404f418]" started-at="2024-02-29T17:16:15 IST" name="login" finished-at="2024-02-29T17:16:39 IST" duration-ms="24333" status="PASS">
          <reporter-output>
          </reporter-output>
        </test-method> <!-- login -->
      </class> <!-- TestNG.OrangeHRM.JobDetails -->
    </test> <!-- Default test -->
  </suite> <!-- Default suite -->
</testng-results>
